

[INFO ] 2017-06-23 11:27:07,660 method:org.springframework.web.servlet.FrameworkServlet.initServletBean(FrameworkServlet.java:489)
FrameworkServlet 'taotao-portal-web': initialization started


[INFO ] 2017-06-23 11:27:07,676 method:org.springframework.context.support.AbstractApplicationContext.prepareRefresh(AbstractApplicationContext.java:578)
Refreshing WebApplicationContext for namespace 'taotao-portal-web-servlet': startup date [Fri Jun 23 11:27:07 CST 2017]; root of context hierarchy


[INFO ] 2017-06-23 11:27:07,700 method:org.springframework.beans.factory.xml.XmlBeanDefinitionReader.loadBeanDefinitions(XmlBeanDefinitionReader.java:317)
Loading XML bean definitions from class path resource [spring/springmvc.xml]


[INFO ] 2017-06-23 11:27:07,927 method:
using logger: com.alibaba.dubbo.common.logger.log4j.Log4jLoggerAdapter


[INFO ] 2017-06-23 11:27:08,046 method:org.springframework.core.io.support.PropertiesLoaderSupport.loadProperties(PropertiesLoaderSupport.java:172)
Loading properties file from class path resource [resources/resource.properties]


[INFO ] 2017-06-23 11:27:08,049 method:org.springframework.beans.factory.annotation.AutowiredAnnotationBeanPostProcessor.<init>(AutowiredAnnotationBeanPostProcessor.java:153)
JSR-330 'javax.inject.Inject' annotation found and supported for autowiring


[INFO ] 2017-06-23 11:27:08,146 method:org.springframework.web.servlet.handler.AbstractHandlerMethodMapping$MappingRegistry.register(AbstractHandlerMethodMapping.java:527)
Mapped "{[/index]}" onto public java.lang.String com.taotao.portal.controller.IndexController.shoeIndex()


[INFO ] 2017-06-23 11:27:08,363 method:org.springframework.web.servlet.mvc.method.annotation.RequestMappingHandlerAdapter.initControllerAdviceCache(RequestMappingHandlerAdapter.java:532)
Looking for @ControllerAdvice: WebApplicationContext for namespace 'taotao-portal-web-servlet': startup date [Fri Jun 23 11:27:07 CST 2017]; root of context hierarchy


[INFO ] 2017-06-23 11:27:08,403 method:org.springframework.web.servlet.mvc.method.annotation.RequestMappingHandlerAdapter.initControllerAdviceCache(RequestMappingHandlerAdapter.java:532)
Looking for @ControllerAdvice: WebApplicationContext for namespace 'taotao-portal-web-servlet': startup date [Fri Jun 23 11:27:07 CST 2017]; root of context hierarchy


[INFO ] 2017-06-23 11:27:08,502 method:org.springframework.web.servlet.FrameworkServlet.initServletBean(FrameworkServlet.java:508)
FrameworkServlet 'taotao-portal-web': initialization completed in 839 ms


[INFO ] 2017-06-23 13:14:10,116 method:org.springframework.web.servlet.FrameworkServlet.initServletBean(FrameworkServlet.java:489)
FrameworkServlet 'taotao-portal-web': initialization started


[INFO ] 2017-06-23 13:14:10,135 method:org.springframework.context.support.AbstractApplicationContext.prepareRefresh(AbstractApplicationContext.java:578)
Refreshing WebApplicationContext for namespace 'taotao-portal-web-servlet': startup date [Fri Jun 23 13:14:10 CST 2017]; root of context hierarchy


[INFO ] 2017-06-23 13:14:10,160 method:org.springframework.beans.factory.xml.XmlBeanDefinitionReader.loadBeanDefinitions(XmlBeanDefinitionReader.java:317)
Loading XML bean definitions from class path resource [spring/springmvc.xml]


[INFO ] 2017-06-23 13:14:10,471 method:
using logger: com.alibaba.dubbo.common.logger.log4j.Log4jLoggerAdapter


[INFO ] 2017-06-23 13:14:10,568 method:org.springframework.core.io.support.PropertiesLoaderSupport.loadProperties(PropertiesLoaderSupport.java:172)
Loading properties file from class path resource [resources/resource.properties]


[INFO ] 2017-06-23 13:14:10,572 method:org.springframework.beans.factory.annotation.AutowiredAnnotationBeanPostProcessor.<init>(AutowiredAnnotationBeanPostProcessor.java:153)
JSR-330 'javax.inject.Inject' annotation found and supported for autowiring


[INFO ] 2017-06-23 13:14:10,681 method:org.springframework.web.servlet.handler.AbstractHandlerMethodMapping$MappingRegistry.register(AbstractHandlerMethodMapping.java:527)
Mapped "{[/index]}" onto public java.lang.String com.taotao.portal.controller.IndexController.shoeIndex()


[INFO ] 2017-06-23 13:14:10,958 method:org.springframework.web.servlet.mvc.method.annotation.RequestMappingHandlerAdapter.initControllerAdviceCache(RequestMappingHandlerAdapter.java:532)
Looking for @ControllerAdvice: WebApplicationContext for namespace 'taotao-portal-web-servlet': startup date [Fri Jun 23 13:14:10 CST 2017]; root of context hierarchy


[INFO ] 2017-06-23 13:14:10,998 method:org.springframework.web.servlet.mvc.method.annotation.RequestMappingHandlerAdapter.initControllerAdviceCache(RequestMappingHandlerAdapter.java:532)
Looking for @ControllerAdvice: WebApplicationContext for namespace 'taotao-portal-web-servlet': startup date [Fri Jun 23 13:14:10 CST 2017]; root of context hierarchy


[INFO ] 2017-06-23 13:14:11,133 method:org.springframework.web.servlet.FrameworkServlet.initServletBean(FrameworkServlet.java:508)
FrameworkServlet 'taotao-portal-web': initialization completed in 1014 ms


[INFO ] 2017-06-23 13:49:14,291 method:org.springframework.web.servlet.FrameworkServlet.initServletBean(FrameworkServlet.java:489)
FrameworkServlet 'taotao-portal-web': initialization started


[INFO ] 2017-06-23 13:49:14,310 method:org.springframework.context.support.AbstractApplicationContext.prepareRefresh(AbstractApplicationContext.java:578)
Refreshing WebApplicationContext for namespace 'taotao-portal-web-servlet': startup date [Fri Jun 23 13:49:14 CST 2017]; root of context hierarchy


[INFO ] 2017-06-23 13:49:14,355 method:org.springframework.beans.factory.xml.XmlBeanDefinitionReader.loadBeanDefinitions(XmlBeanDefinitionReader.java:317)
Loading XML bean definitions from class path resource [spring/springmvc.xml]


[INFO ] 2017-06-23 13:49:14,734 method:
using logger: com.alibaba.dubbo.common.logger.log4j.Log4jLoggerAdapter


[INFO ] 2017-06-23 13:49:14,848 method:org.springframework.core.io.support.PropertiesLoaderSupport.loadProperties(PropertiesLoaderSupport.java:172)
Loading properties file from class path resource [resources/resource.properties]


[INFO ] 2017-06-23 13:49:14,852 method:org.springframework.beans.factory.annotation.AutowiredAnnotationBeanPostProcessor.<init>(AutowiredAnnotationBeanPostProcessor.java:153)
JSR-330 'javax.inject.Inject' annotation found and supported for autowiring


[INFO ] 2017-06-23 13:49:14,976 method:org.springframework.web.servlet.handler.AbstractHandlerMethodMapping$MappingRegistry.register(AbstractHandlerMethodMapping.java:527)
Mapped "{[/index]}" onto public java.lang.String com.taotao.portal.controller.IndexController.shoeIndex()


[INFO ] 2017-06-23 13:49:15,257 method:org.springframework.web.servlet.mvc.method.annotation.RequestMappingHandlerAdapter.initControllerAdviceCache(RequestMappingHandlerAdapter.java:532)
Looking for @ControllerAdvice: WebApplicationContext for namespace 'taotao-portal-web-servlet': startup date [Fri Jun 23 13:49:14 CST 2017]; root of context hierarchy


[INFO ] 2017-06-23 13:49:15,297 method:org.springframework.web.servlet.mvc.method.annotation.RequestMappingHandlerAdapter.initControllerAdviceCache(RequestMappingHandlerAdapter.java:532)
Looking for @ControllerAdvice: WebApplicationContext for namespace 'taotao-portal-web-servlet': startup date [Fri Jun 23 13:49:14 CST 2017]; root of context hierarchy


[INFO ] 2017-06-23 13:49:15,432 method:org.springframework.web.servlet.FrameworkServlet.initServletBean(FrameworkServlet.java:508)
FrameworkServlet 'taotao-portal-web': initialization completed in 1139 ms


[INFO ] 2017-06-23 13:57:32,492 method:org.springframework.web.servlet.FrameworkServlet.initServletBean(FrameworkServlet.java:489)
FrameworkServlet 'taotao-portal-web': initialization started


[INFO ] 2017-06-23 13:57:32,516 method:org.springframework.context.support.AbstractApplicationContext.prepareRefresh(AbstractApplicationContext.java:578)
Refreshing WebApplicationContext for namespace 'taotao-portal-web-servlet': startup date [Fri Jun 23 13:57:32 CST 2017]; root of context hierarchy


[INFO ] 2017-06-23 13:57:32,554 method:org.springframework.beans.factory.xml.XmlBeanDefinitionReader.loadBeanDefinitions(XmlBeanDefinitionReader.java:317)
Loading XML bean definitions from class path resource [spring/springmvc.xml]


[INFO ] 2017-06-23 13:57:33,661 method:
using logger: com.alibaba.dubbo.common.logger.log4j.Log4jLoggerAdapter


[INFO ] 2017-06-23 13:57:33,785 method:org.springframework.core.io.support.PropertiesLoaderSupport.loadProperties(PropertiesLoaderSupport.java:172)
Loading properties file from class path resource [resources/resource.properties]


[INFO ] 2017-06-23 13:57:33,791 method:org.springframework.beans.factory.annotation.AutowiredAnnotationBeanPostProcessor.<init>(AutowiredAnnotationBeanPostProcessor.java:153)
JSR-330 'javax.inject.Inject' annotation found and supported for autowiring


[INFO ] 2017-06-23 13:57:33,947 method:org.springframework.web.servlet.handler.AbstractHandlerMethodMapping$MappingRegistry.register(AbstractHandlerMethodMapping.java:527)
Mapped "{[/index]}" onto public java.lang.String com.taotao.portal.controller.IndexController.shoeIndex()


[INFO ] 2017-06-23 13:57:34,280 method:org.springframework.web.servlet.mvc.method.annotation.RequestMappingHandlerAdapter.initControllerAdviceCache(RequestMappingHandlerAdapter.java:532)
Looking for @ControllerAdvice: WebApplicationContext for namespace 'taotao-portal-web-servlet': startup date [Fri Jun 23 13:57:32 CST 2017]; root of context hierarchy


[INFO ] 2017-06-23 13:57:34,348 method:org.springframework.web.servlet.mvc.method.annotation.RequestMappingHandlerAdapter.initControllerAdviceCache(RequestMappingHandlerAdapter.java:532)
Looking for @ControllerAdvice: WebApplicationContext for namespace 'taotao-portal-web-servlet': startup date [Fri Jun 23 13:57:32 CST 2017]; root of context hierarchy


[INFO ] 2017-06-23 13:57:34,509 method:org.springframework.web.servlet.FrameworkServlet.initServletBean(FrameworkServlet.java:508)
FrameworkServlet 'taotao-portal-web': initialization completed in 2010 ms


[INFO ] 2017-06-23 14:17:24,909 method:org.springframework.web.servlet.FrameworkServlet.initServletBean(FrameworkServlet.java:489)
FrameworkServlet 'taotao-portal-web': initialization started


[INFO ] 2017-06-23 14:17:24,935 method:org.springframework.context.support.AbstractApplicationContext.prepareRefresh(AbstractApplicationContext.java:578)
Refreshing WebApplicationContext for namespace 'taotao-portal-web-servlet': startup date [Fri Jun 23 14:17:24 CST 2017]; root of context hierarchy


[INFO ] 2017-06-23 14:17:24,984 method:org.springframework.beans.factory.xml.XmlBeanDefinitionReader.loadBeanDefinitions(XmlBeanDefinitionReader.java:317)
Loading XML bean definitions from class path resource [spring/springmvc.xml]


[INFO ] 2017-06-23 14:17:25,678 method:
using logger: com.alibaba.dubbo.common.logger.log4j.Log4jLoggerAdapter


[INFO ] 2017-06-23 14:17:25,826 method:org.springframework.core.io.support.PropertiesLoaderSupport.loadProperties(PropertiesLoaderSupport.java:172)
Loading properties file from class path resource [resources/resource.properties]


[INFO ] 2017-06-23 14:17:25,836 method:org.springframework.beans.factory.annotation.AutowiredAnnotationBeanPostProcessor.<init>(AutowiredAnnotationBeanPostProcessor.java:153)
JSR-330 'javax.inject.Inject' annotation found and supported for autowiring


[INFO ] 2017-06-23 14:17:26,044 method:org.springframework.web.servlet.handler.AbstractHandlerMethodMapping$MappingRegistry.register(AbstractHandlerMethodMapping.java:527)
Mapped "{[/index]}" onto public java.lang.String com.taotao.portal.controller.IndexController.shoeIndex()


[INFO ] 2017-06-23 14:17:26,408 method:org.springframework.web.servlet.mvc.method.annotation.RequestMappingHandlerAdapter.initControllerAdviceCache(RequestMappingHandlerAdapter.java:532)
Looking for @ControllerAdvice: WebApplicationContext for namespace 'taotao-portal-web-servlet': startup date [Fri Jun 23 14:17:24 CST 2017]; root of context hierarchy


[INFO ] 2017-06-23 14:17:26,460 method:org.springframework.web.servlet.mvc.method.annotation.RequestMappingHandlerAdapter.initControllerAdviceCache(RequestMappingHandlerAdapter.java:532)
Looking for @ControllerAdvice: WebApplicationContext for namespace 'taotao-portal-web-servlet': startup date [Fri Jun 23 14:17:24 CST 2017]; root of context hierarchy


[INFO ] 2017-06-23 14:17:26,604 method:org.springframework.web.servlet.FrameworkServlet.initServletBean(FrameworkServlet.java:508)
FrameworkServlet 'taotao-portal-web': initialization completed in 1692 ms


[INFO ] 2017-06-23 14:29:36,062 method:org.springframework.web.servlet.FrameworkServlet.initServletBean(FrameworkServlet.java:489)
FrameworkServlet 'taotao-portal-web': initialization started


[INFO ] 2017-06-23 14:29:36,119 method:org.springframework.context.support.AbstractApplicationContext.prepareRefresh(AbstractApplicationContext.java:578)
Refreshing WebApplicationContext for namespace 'taotao-portal-web-servlet': startup date [Fri Jun 23 14:29:36 CST 2017]; root of context hierarchy


[INFO ] 2017-06-23 14:29:36,154 method:org.springframework.beans.factory.xml.XmlBeanDefinitionReader.loadBeanDefinitions(XmlBeanDefinitionReader.java:317)
Loading XML bean definitions from class path resource [spring/springmvc.xml]


[INFO ] 2017-06-23 14:29:36,889 method:
using logger: com.alibaba.dubbo.common.logger.log4j.Log4jLoggerAdapter


[INFO ] 2017-06-23 14:29:37,081 method:org.springframework.core.io.support.PropertiesLoaderSupport.loadProperties(PropertiesLoaderSupport.java:172)
Loading properties file from class path resource [resources/resource.properties]


[INFO ] 2017-06-23 14:29:37,144 method:org.springframework.beans.factory.annotation.AutowiredAnnotationBeanPostProcessor.<init>(AutowiredAnnotationBeanPostProcessor.java:153)
JSR-330 'javax.inject.Inject' annotation found and supported for autowiring


[INFO ] 2017-06-23 14:29:37,295 method:org.springframework.web.servlet.handler.AbstractHandlerMethodMapping$MappingRegistry.register(AbstractHandlerMethodMapping.java:527)
Mapped "{[/index]}" onto public java.lang.String com.taotao.portal.controller.IndexController.shoeIndex()


[INFO ] 2017-06-23 14:29:37,789 method:org.springframework.web.servlet.mvc.method.annotation.RequestMappingHandlerAdapter.initControllerAdviceCache(RequestMappingHandlerAdapter.java:532)
Looking for @ControllerAdvice: WebApplicationContext for namespace 'taotao-portal-web-servlet': startup date [Fri Jun 23 14:29:36 CST 2017]; root of context hierarchy


[INFO ] 2017-06-23 14:29:37,850 method:org.springframework.web.servlet.mvc.method.annotation.RequestMappingHandlerAdapter.initControllerAdviceCache(RequestMappingHandlerAdapter.java:532)
Looking for @ControllerAdvice: WebApplicationContext for namespace 'taotao-portal-web-servlet': startup date [Fri Jun 23 14:29:36 CST 2017]; root of context hierarchy


[INFO ] 2017-06-23 14:29:38,024 method:org.springframework.web.servlet.FrameworkServlet.initServletBean(FrameworkServlet.java:508)
FrameworkServlet 'taotao-portal-web': initialization completed in 1937 ms
