

[INFO ] 2017-06-20 10:13:39,517 method:org.springframework.context.support.AbstractApplicationContext.prepareRefresh(AbstractApplicationContext.java:578)
Refreshing org.springframework.context.support.ClassPathXmlApplicationContext@5299ef35: startup date [Tue Jun 20 10:13:39 CST 2017]; root of context hierarchy


[INFO ] 2017-06-20 10:13:39,567 method:org.springframework.beans.factory.xml.XmlBeanDefinitionReader.loadBeanDefinitions(XmlBeanDefinitionReader.java:317)
Loading XML bean definitions from class path resource [spring/applicationContext-dao.xml]


[INFO ] 2017-06-20 10:13:40,095 method:org.springframework.core.io.support.PropertiesLoaderSupport.loadProperties(PropertiesLoaderSupport.java:172)
Loading properties file from class path resource [properties/db.properties]


[INFO ] 2017-06-20 10:13:41,436 method:com.alibaba.druid.pool.DruidDataSource.init(DruidDataSource.java:655)
{dataSource-1} inited


[INFO ] 2017-06-20 10:15:44,434 method:org.springframework.context.support.AbstractApplicationContext.prepareRefresh(AbstractApplicationContext.java:578)
Refreshing org.springframework.context.support.ClassPathXmlApplicationContext@27d0820: startup date [Tue Jun 20 10:15:44 CST 2017]; root of context hierarchy


[INFO ] 2017-06-20 10:15:44,473 method:org.springframework.beans.factory.xml.XmlBeanDefinitionReader.loadBeanDefinitions(XmlBeanDefinitionReader.java:317)
Loading XML bean definitions from class path resource [spring/applicationContext-dao.xml]


[INFO ] 2017-06-20 10:15:44,827 method:org.springframework.core.io.support.PropertiesLoaderSupport.loadProperties(PropertiesLoaderSupport.java:172)
Loading properties file from class path resource [properties/db.properties]


[INFO ] 2017-06-20 10:15:45,777 method:com.alibaba.druid.pool.DruidDataSource.init(DruidDataSource.java:655)
{dataSource-1} inited


[INFO ] 2017-06-20 10:56:27,905 method:org.springframework.context.support.AbstractApplicationContext.prepareRefresh(AbstractApplicationContext.java:578)
Refreshing org.springframework.context.support.ClassPathXmlApplicationContext@44a901f8: startup date [Tue Jun 20 10:56:27 CST 2017]; root of context hierarchy


[INFO ] 2017-06-20 10:56:27,939 method:org.springframework.beans.factory.xml.XmlBeanDefinitionReader.loadBeanDefinitions(XmlBeanDefinitionReader.java:317)
Loading XML bean definitions from class path resource [spring/applicationContext-dao.xml]


[INFO ] 2017-06-20 10:56:28,288 method:org.springframework.core.io.support.PropertiesLoaderSupport.loadProperties(PropertiesLoaderSupport.java:172)
Loading properties file from class path resource [properties/db.properties]


[INFO ] 2017-06-20 10:56:29,624 method:com.alibaba.druid.pool.DruidDataSource.init(DruidDataSource.java:655)
{dataSource-1} inited


[INFO ] 2017-06-20 13:11:55,357 method:org.springframework.context.support.AbstractApplicationContext.prepareRefresh(AbstractApplicationContext.java:578)
Refreshing org.springframework.context.support.ClassPathXmlApplicationContext@1be514e4: startup date [Tue Jun 20 13:11:55 CST 2017]; root of context hierarchy


[INFO ] 2017-06-20 13:11:55,396 method:org.springframework.beans.factory.xml.XmlBeanDefinitionReader.loadBeanDefinitions(XmlBeanDefinitionReader.java:317)
Loading XML bean definitions from class path resource [spring/applicationContext-dao.xml]


[INFO ] 2017-06-20 13:11:55,835 method:org.springframework.core.io.support.PropertiesLoaderSupport.loadProperties(PropertiesLoaderSupport.java:172)
Loading properties file from class path resource [properties/db.properties]


[INFO ] 2017-06-20 13:11:57,042 method:com.alibaba.druid.pool.DruidDataSource.init(DruidDataSource.java:655)
{dataSource-1} inited


[INFO ] 2017-06-20 13:12:02,921 method:org.springframework.context.support.AbstractApplicationContext.prepareRefresh(AbstractApplicationContext.java:578)
Refreshing org.springframework.context.support.ClassPathXmlApplicationContext@1be514e4: startup date [Tue Jun 20 13:12:02 CST 2017]; root of context hierarchy


[INFO ] 2017-06-20 13:12:02,955 method:org.springframework.beans.factory.xml.XmlBeanDefinitionReader.loadBeanDefinitions(XmlBeanDefinitionReader.java:317)
Loading XML bean definitions from class path resource [spring/applicationContext-dao.xml]


[INFO ] 2017-06-20 13:12:03,254 method:org.springframework.core.io.support.PropertiesLoaderSupport.loadProperties(PropertiesLoaderSupport.java:172)
Loading properties file from class path resource [properties/db.properties]


[INFO ] 2017-06-20 13:12:04,148 method:com.alibaba.druid.pool.DruidDataSource.init(DruidDataSource.java:655)
{dataSource-1} inited


[INFO ] 2017-06-20 13:19:32,924 method:org.springframework.context.support.AbstractApplicationContext.prepareRefresh(AbstractApplicationContext.java:578)
Refreshing org.springframework.context.support.ClassPathXmlApplicationContext@1be514e4: startup date [Tue Jun 20 13:19:32 CST 2017]; root of context hierarchy


[INFO ] 2017-06-20 13:19:32,966 method:org.springframework.beans.factory.xml.XmlBeanDefinitionReader.loadBeanDefinitions(XmlBeanDefinitionReader.java:317)
Loading XML bean definitions from class path resource [spring/applicationContext-dao.xml]


[INFO ] 2017-06-20 13:19:33,397 method:org.springframework.core.io.support.PropertiesLoaderSupport.loadProperties(PropertiesLoaderSupport.java:172)
Loading properties file from class path resource [properties/db.properties]


[INFO ] 2017-06-20 13:19:34,569 method:com.alibaba.druid.pool.DruidDataSource.init(DruidDataSource.java:655)
{dataSource-1} inited


[INFO ] 2017-06-20 13:26:48,460 method:org.springframework.context.support.AbstractApplicationContext.prepareRefresh(AbstractApplicationContext.java:578)
Refreshing org.springframework.context.support.ClassPathXmlApplicationContext@33c063ff: startup date [Tue Jun 20 13:26:48 CST 2017]; root of context hierarchy


[INFO ] 2017-06-20 13:26:48,493 method:org.springframework.beans.factory.xml.XmlBeanDefinitionReader.loadBeanDefinitions(XmlBeanDefinitionReader.java:317)
Loading XML bean definitions from class path resource [spring/applicationContext-dao.xml]


[INFO ] 2017-06-20 13:26:48,791 method:org.springframework.core.io.support.PropertiesLoaderSupport.loadProperties(PropertiesLoaderSupport.java:172)
Loading properties file from class path resource [properties/db.properties]


[INFO ] 2017-06-20 13:26:49,692 method:com.alibaba.druid.pool.DruidDataSource.init(DruidDataSource.java:655)
{dataSource-1} inited


[INFO ] 2017-06-20 16:24:17,652 method:org.springframework.context.support.AbstractApplicationContext.prepareRefresh(AbstractApplicationContext.java:578)
Refreshing org.springframework.context.support.ClassPathXmlApplicationContext@44a901f8: startup date [Tue Jun 20 16:24:17 CST 2017]; root of context hierarchy


[INFO ] 2017-06-20 16:24:17,712 method:org.springframework.beans.factory.xml.XmlBeanDefinitionReader.loadBeanDefinitions(XmlBeanDefinitionReader.java:317)
Loading XML bean definitions from class path resource [spring/applicationContext-dao.xml]


[INFO ] 2017-06-20 16:24:18,127 method:org.springframework.core.io.support.PropertiesLoaderSupport.loadProperties(PropertiesLoaderSupport.java:172)
Loading properties file from class path resource [properties/db.properties]


[INFO ] 2017-06-20 16:24:19,176 method:com.alibaba.druid.pool.DruidDataSource.init(DruidDataSource.java:655)
{dataSource-1} inited


[INFO ] 2017-06-20 18:15:20,638 method:org.springframework.context.support.AbstractApplicationContext.prepareRefresh(AbstractApplicationContext.java:578)
Refreshing org.springframework.context.support.ClassPathXmlApplicationContext@2ce3a2bb: startup date [Tue Jun 20 18:15:20 CST 2017]; root of context hierarchy


[INFO ] 2017-06-20 18:15:20,713 method:org.springframework.beans.factory.xml.XmlBeanDefinitionReader.loadBeanDefinitions(XmlBeanDefinitionReader.java:317)
Loading XML bean definitions from class path resource [spring/applicationContext-dao.xml]


[INFO ] 2017-06-20 18:15:21,350 method:org.springframework.core.io.support.PropertiesLoaderSupport.loadProperties(PropertiesLoaderSupport.java:172)
Loading properties file from class path resource [properties/db.properties]


[WARN ] 2017-06-20 18:15:21,708 method:org.springframework.context.support.AbstractApplicationContext.refresh(AbstractApplicationContext.java:546)
Exception encountered during context initialization - cancelling refresh attempt: org.springframework.beans.factory.BeanCreationException: Error creating bean with name 'sqlSessionFactory' defined in class path resource [spring/applicationContext-dao.xml]: Invocation of init method failed; nested exception is org.springframework.core.NestedIOException: Failed to parse config resource: class path resource [mybatis/SqlMapConfig.xml]; nested exception is org.apache.ibatis.builder.BuilderException: Error parsing SQL Mapper Configuration. Cause: java.lang.ClassCastException: com.github.pagehelper.PageHelper cannot be cast to org.apache.ibatis.plugin.Interceptor


[INFO ] 2017-06-20 18:18:05,056 method:org.springframework.context.support.AbstractApplicationContext.prepareRefresh(AbstractApplicationContext.java:578)
Refreshing org.springframework.context.support.ClassPathXmlApplicationContext@17596ee0: startup date [Tue Jun 20 18:18:05 CST 2017]; root of context hierarchy


[INFO ] 2017-06-20 18:18:05,691 method:org.springframework.beans.factory.xml.XmlBeanDefinitionReader.loadBeanDefinitions(XmlBeanDefinitionReader.java:317)
Loading XML bean definitions from class path resource [spring/applicationContext-dao.xml]


[INFO ] 2017-06-20 18:18:07,525 method:org.springframework.core.io.support.PropertiesLoaderSupport.loadProperties(PropertiesLoaderSupport.java:172)
Loading properties file from class path resource [properties/db.properties]


[WARN ] 2017-06-20 18:18:08,367 method:org.springframework.context.support.AbstractApplicationContext.refresh(AbstractApplicationContext.java:546)
Exception encountered during context initialization - cancelling refresh attempt: org.springframework.beans.factory.BeanCreationException: Error creating bean with name 'sqlSessionFactory' defined in class path resource [spring/applicationContext-dao.xml]: Invocation of init method failed; nested exception is org.springframework.core.NestedIOException: Failed to parse config resource: class path resource [mybatis/SqlMapConfig.xml]; nested exception is org.apache.ibatis.builder.BuilderException: Error parsing SQL Mapper Configuration. Cause: java.lang.ClassCastException: com.github.pagehelper.PageHelper cannot be cast to org.apache.ibatis.plugin.Interceptor


[INFO ] 2017-06-20 18:27:14,177 method:org.springframework.context.support.AbstractApplicationContext.prepareRefresh(AbstractApplicationContext.java:578)
Refreshing org.springframework.context.support.ClassPathXmlApplicationContext@136425a2: startup date [Tue Jun 20 18:27:14 CST 2017]; root of context hierarchy


[INFO ] 2017-06-20 18:27:14,228 method:org.springframework.beans.factory.xml.XmlBeanDefinitionReader.loadBeanDefinitions(XmlBeanDefinitionReader.java:317)
Loading XML bean definitions from class path resource [spring/applicationContext-dao.xml]


[INFO ] 2017-06-20 18:27:14,805 method:org.springframework.core.io.support.PropertiesLoaderSupport.loadProperties(PropertiesLoaderSupport.java:172)
Loading properties file from class path resource [properties/db.properties]


[WARN ] 2017-06-20 18:27:15,154 method:org.springframework.context.support.AbstractApplicationContext.refresh(AbstractApplicationContext.java:546)
Exception encountered during context initialization - cancelling refresh attempt: org.springframework.beans.factory.BeanCreationException: Error creating bean with name 'sqlSessionFactory' defined in class path resource [spring/applicationContext-dao.xml]: Invocation of init method failed; nested exception is org.springframework.core.NestedIOException: Failed to parse config resource: class path resource [mybatis/SqlMapConfig.xml]; nested exception is org.apache.ibatis.builder.BuilderException: Error parsing SQL Mapper Configuration. Cause: java.lang.ClassCastException: com.github.pagehelper.PageHelper cannot be cast to org.apache.ibatis.plugin.Interceptor


[INFO ] 2017-06-20 18:36:24,126 method:org.springframework.context.support.AbstractApplicationContext.prepareRefresh(AbstractApplicationContext.java:578)
Refreshing org.springframework.context.support.ClassPathXmlApplicationContext@136425a2: startup date [Tue Jun 20 18:36:24 CST 2017]; root of context hierarchy


[INFO ] 2017-06-20 18:36:24,185 method:org.springframework.beans.factory.xml.XmlBeanDefinitionReader.loadBeanDefinitions(XmlBeanDefinitionReader.java:317)
Loading XML bean definitions from class path resource [spring/applicationContext-dao.xml]


[INFO ] 2017-06-20 18:36:24,772 method:org.springframework.core.io.support.PropertiesLoaderSupport.loadProperties(PropertiesLoaderSupport.java:172)
Loading properties file from class path resource [properties/db.properties]


[INFO ] 2017-06-20 18:36:27,008 method:com.alibaba.druid.pool.DruidDataSource.init(DruidDataSource.java:655)
{dataSource-1} inited


[INFO ] 2017-06-20 18:39:57,486 method:org.springframework.context.support.AbstractApplicationContext.prepareRefresh(AbstractApplicationContext.java:578)
Refreshing org.springframework.context.support.ClassPathXmlApplicationContext@14d0ba03: startup date [Tue Jun 20 18:39:57 CST 2017]; root of context hierarchy


[INFO ] 2017-06-20 18:39:57,538 method:org.springframework.beans.factory.xml.XmlBeanDefinitionReader.loadBeanDefinitions(XmlBeanDefinitionReader.java:317)
Loading XML bean definitions from class path resource [spring/applicationContext-dao.xml]


[INFO ] 2017-06-20 18:39:57,929 method:org.springframework.core.io.support.PropertiesLoaderSupport.loadProperties(PropertiesLoaderSupport.java:172)
Loading properties file from class path resource [properties/db.properties]


[INFO ] 2017-06-20 18:39:59,194 method:com.alibaba.druid.pool.DruidDataSource.init(DruidDataSource.java:655)
{dataSource-1} inited


[INFO ] 2017-06-20 18:55:58,369 method:org.springframework.context.support.AbstractApplicationContext.prepareRefresh(AbstractApplicationContext.java:578)
Refreshing org.springframework.context.support.ClassPathXmlApplicationContext@14d0ba03: startup date [Tue Jun 20 18:55:58 CST 2017]; root of context hierarchy


[INFO ] 2017-06-20 18:55:58,412 method:org.springframework.beans.factory.xml.XmlBeanDefinitionReader.loadBeanDefinitions(XmlBeanDefinitionReader.java:317)
Loading XML bean definitions from class path resource [spring/applicationContext-dao.xml]


[INFO ] 2017-06-20 18:55:58,891 method:org.springframework.core.io.support.PropertiesLoaderSupport.loadProperties(PropertiesLoaderSupport.java:172)
Loading properties file from class path resource [properties/db.properties]


[INFO ] 2017-06-20 18:56:00,241 method:com.alibaba.druid.pool.DruidDataSource.init(DruidDataSource.java:655)
{dataSource-1} inited


[INFO ] 2017-06-20 18:56:50,923 method:org.springframework.context.support.AbstractApplicationContext.prepareRefresh(AbstractApplicationContext.java:578)
Refreshing org.springframework.context.support.ClassPathXmlApplicationContext@14d0ba03: startup date [Tue Jun 20 18:56:50 CST 2017]; root of context hierarchy


[INFO ] 2017-06-20 18:56:50,972 method:org.springframework.beans.factory.xml.XmlBeanDefinitionReader.loadBeanDefinitions(XmlBeanDefinitionReader.java:317)
Loading XML bean definitions from class path resource [spring/applicationContext-dao.xml]


[INFO ] 2017-06-20 18:56:51,318 method:org.springframework.core.io.support.PropertiesLoaderSupport.loadProperties(PropertiesLoaderSupport.java:172)
Loading properties file from class path resource [properties/db.properties]


[INFO ] 2017-06-20 18:56:52,228 method:com.alibaba.druid.pool.DruidDataSource.init(DruidDataSource.java:655)
{dataSource-1} inited


[INFO ] 2017-06-21 22:04:56,966 method:org.springframework.web.context.ContextLoader.initWebApplicationContext(ContextLoader.java:307)
Root WebApplicationContext: initialization started


[INFO ] 2017-06-21 22:04:57,150 method:org.springframework.context.support.AbstractApplicationContext.prepareRefresh(AbstractApplicationContext.java:578)
Refreshing Root WebApplicationContext: startup date [Wed Jun 21 22:04:57 CST 2017]; root of context hierarchy


[INFO ] 2017-06-21 22:04:57,224 method:org.springframework.beans.factory.xml.XmlBeanDefinitionReader.loadBeanDefinitions(XmlBeanDefinitionReader.java:317)
Loading XML bean definitions from file [E:\git\taotao\taotao-manager\taotao-manager-service\target\classes\spring\applicationContext-dao.xml]


[INFO ] 2017-06-21 22:04:57,508 method:org.springframework.beans.factory.xml.XmlBeanDefinitionReader.loadBeanDefinitions(XmlBeanDefinitionReader.java:317)
Loading XML bean definitions from file [E:\git\taotao\taotao-manager\taotao-manager-service\target\classes\spring\applicationContext-service.xml]


[INFO ] 2017-06-21 22:04:57,749 method:
using logger: com.alibaba.dubbo.common.logger.log4j.Log4jLoggerAdapter


[INFO ] 2017-06-21 22:04:57,796 method:org.springframework.beans.factory.xml.XmlBeanDefinitionReader.loadBeanDefinitions(XmlBeanDefinitionReader.java:317)
Loading XML bean definitions from file [E:\git\taotao\taotao-manager\taotao-manager-service\target\classes\spring\applicationContext-trans.xml]


[INFO ] 2017-06-21 22:04:58,066 method:org.springframework.core.io.support.PropertiesLoaderSupport.loadProperties(PropertiesLoaderSupport.java:172)
Loading properties file from class path resource [properties/db.properties]


[INFO ] 2017-06-21 22:04:58,077 method:org.springframework.beans.factory.annotation.AutowiredAnnotationBeanPostProcessor.<init>(AutowiredAnnotationBeanPostProcessor.java:153)
JSR-330 'javax.inject.Inject' annotation found and supported for autowiring


[INFO ] 2017-06-21 22:05:00,352 method:com.alibaba.dubbo.config.spring.ServiceBean.onApplicationEvent(ServiceBean.java:107)
 [DUBBO] The service ready on spring started. service: com.taotao.service.ItemService, dubbo version: 2.5.3, current host: 127.0.0.1


[INFO ] 2017-06-21 22:05:00,506 method:com.alibaba.dubbo.config.ServiceConfig.exportLocal(ServiceConfig.java:510)
 [DUBBO] Export dubbo service com.taotao.service.ItemService to local registry, dubbo version: 2.5.3, current host: 127.0.0.1


[INFO ] 2017-06-21 22:05:00,506 method:com.alibaba.dubbo.config.ServiceConfig.doExportUrlsFor1Protocol(ServiceConfig.java:470)
 [DUBBO] Export dubbo service com.taotao.service.ItemService to url dubbo://192.168.25.1:20880/com.taotao.service.ItemService?anyhost=true&application=taotao-manager&dubbo=2.5.3&interface=com.taotao.service.ItemService&methods=getItemList,getItemById&pid=26148&revision=0.0.1-SNAPSHOT&side=provider&timeout=300000&timestamp=1498053900396, dubbo version: 2.5.3, current host: 127.0.0.1


[INFO ] 2017-06-21 22:05:00,506 method:com.alibaba.dubbo.config.ServiceConfig.doExportUrlsFor1Protocol(ServiceConfig.java:481)
 [DUBBO] Register dubbo service com.taotao.service.ItemService url dubbo://192.168.25.1:20880/com.taotao.service.ItemService?anyhost=true&application=taotao-manager&dubbo=2.5.3&interface=com.taotao.service.ItemService&methods=getItemList,getItemById&pid=26148&revision=0.0.1-SNAPSHOT&side=provider&timeout=300000&timestamp=1498053900396 to registry registry://192.168.25.175:2181/com.alibaba.dubbo.registry.RegistryService?application=taotao-manager&dubbo=2.5.3&pid=26148&registry=zookeeper&timestamp=1498053900362, dubbo version: 2.5.3, current host: 127.0.0.1


[ERROR] 2017-06-21 22:05:00,735 method:org.springframework.web.context.ContextLoader.initWebApplicationContext(ContextLoader.java:353)
Context initialization failed
com.alibaba.dubbo.rpc.RpcException: Fail to start server(url: dubbo://192.168.25.1:20880/com.taotao.service.ItemService?anyhost=true&application=taotao-manager&channel.readonly.sent=true&codec=dubbo&dubbo=2.5.3&heartbeat=60000&interface=com.taotao.service.ItemService&methods=getItemList,getItemById&pid=26148&revision=0.0.1-SNAPSHOT&side=provider&timeout=300000&timestamp=1498053900396) Failed to bind NettyServer on /192.168.25.1:20880, cause: Failed to bind to: /0.0.0.0:20880
	at com.alibaba.dubbo.rpc.protocol.dubbo.DubboProtocol.createServer(DubboProtocol.java:289)
	at com.alibaba.dubbo.rpc.protocol.dubbo.DubboProtocol.openServer(DubboProtocol.java:266)
	at com.alibaba.dubbo.rpc.protocol.dubbo.DubboProtocol.export(DubboProtocol.java:253)
	at com.alibaba.dubbo.rpc.protocol.ProtocolFilterWrapper.export(ProtocolFilterWrapper.java:55)
	at com.alibaba.dubbo.rpc.protocol.ProtocolListenerWrapper.export(ProtocolListenerWrapper.java:56)
	at com.alibaba.dubbo.rpc.Protocol$Adpative.export(Protocol$Adpative.java)
	at com.alibaba.dubbo.registry.integration.RegistryProtocol.doLocalExport(RegistryProtocol.java:153)
	at com.alibaba.dubbo.registry.integration.RegistryProtocol.export(RegistryProtocol.java:107)
	at com.alibaba.dubbo.rpc.protocol.ProtocolFilterWrapper.export(ProtocolFilterWrapper.java:53)
	at com.alibaba.dubbo.rpc.protocol.ProtocolListenerWrapper.export(ProtocolListenerWrapper.java:54)
	at com.alibaba.dubbo.rpc.Protocol$Adpative.export(Protocol$Adpative.java)
	at com.alibaba.dubbo.config.ServiceConfig.doExportUrlsFor1Protocol(ServiceConfig.java:485)
	at com.alibaba.dubbo.config.ServiceConfig.doExportUrls(ServiceConfig.java:281)
	at com.alibaba.dubbo.config.ServiceConfig.doExport(ServiceConfig.java:242)
	at com.alibaba.dubbo.config.ServiceConfig.export(ServiceConfig.java:143)
	at com.alibaba.dubbo.config.spring.ServiceBean.onApplicationEvent(ServiceBean.java:109)
	at org.springframework.context.event.SimpleApplicationEventMulticaster.invokeListener(SimpleApplicationEventMulticaster.java:163)
	at org.springframework.context.event.SimpleApplicationEventMulticaster.multicastEvent(SimpleApplicationEventMulticaster.java:136)
	at org.springframework.context.support.AbstractApplicationContext.publishEvent(AbstractApplicationContext.java:381)
	at org.springframework.context.support.AbstractApplicationContext.publishEvent(AbstractApplicationContext.java:335)
	at org.springframework.context.support.AbstractApplicationContext.finishRefresh(AbstractApplicationContext.java:855)
	at org.springframework.context.support.AbstractApplicationContext.refresh(AbstractApplicationContext.java:541)
	at org.springframework.web.context.ContextLoader.configureAndRefreshWebApplicationContext(ContextLoader.java:446)
	at org.springframework.web.context.ContextLoader.initWebApplicationContext(ContextLoader.java:328)
	at org.springframework.web.context.ContextLoaderListener.contextInitialized(ContextLoaderListener.java:107)
	at org.apache.catalina.core.StandardContext.listenerStart(StandardContext.java:4939)
	at org.apache.catalina.core.StandardContext.startInternal(StandardContext.java:5434)
	at org.apache.catalina.util.LifecycleBase.start(LifecycleBase.java:150)
	at org.apache.catalina.core.ContainerBase$StartChild.call(ContainerBase.java:1559)
	at org.apache.catalina.core.ContainerBase$StartChild.call(ContainerBase.java:1549)
	at java.util.concurrent.FutureTask.run(FutureTask.java:262)
	at java.util.concurrent.ThreadPoolExecutor.runWorker(ThreadPoolExecutor.java:1145)
	at java.util.concurrent.ThreadPoolExecutor$Worker.run(ThreadPoolExecutor.java:615)
	at java.lang.Thread.run(Thread.java:745)
Caused by: com.alibaba.dubbo.remoting.RemotingException: Failed to bind NettyServer on /192.168.25.1:20880, cause: Failed to bind to: /0.0.0.0:20880
	at com.alibaba.dubbo.remoting.transport.AbstractServer.<init>(AbstractServer.java:72)
	at com.alibaba.dubbo.remoting.transport.netty.NettyServer.<init>(NettyServer.java:63)
	at com.alibaba.dubbo.remoting.transport.netty.NettyTransporter.bind(NettyTransporter.java:33)
	at com.alibaba.dubbo.remoting.Transporter$Adpative.bind(Transporter$Adpative.java)
	at com.alibaba.dubbo.remoting.Transporters.bind(Transporters.java:48)
	at com.alibaba.dubbo.remoting.exchange.support.header.HeaderExchanger.bind(HeaderExchanger.java:41)
	at com.alibaba.dubbo.remoting.exchange.Exchangers.bind(Exchangers.java:63)
	at com.alibaba.dubbo.rpc.protocol.dubbo.DubboProtocol.createServer(DubboProtocol.java:287)
	... 33 more
Caused by: org.jboss.netty.channel.ChannelException: Failed to bind to: /0.0.0.0:20880
	at org.jboss.netty.bootstrap.ServerBootstrap.bind(ServerBootstrap.java:272)
	at com.alibaba.dubbo.remoting.transport.netty.NettyServer.doOpen(NettyServer.java:94)
	at com.alibaba.dubbo.remoting.transport.AbstractServer.<init>(AbstractServer.java:67)
	... 40 more
Caused by: java.net.BindException: Address already in use: bind
	at sun.nio.ch.Net.bind0(Native Method)
	at sun.nio.ch.Net.bind(Net.java:463)
	at sun.nio.ch.Net.bind(Net.java:455)
	at sun.nio.ch.ServerSocketChannelImpl.bind(ServerSocketChannelImpl.java:223)
	at sun.nio.ch.ServerSocketAdaptor.bind(ServerSocketAdaptor.java:74)
	at org.jboss.netty.channel.socket.nio.NioServerBoss$RegisterTask.run(NioServerBoss.java:193)
	at org.jboss.netty.channel.socket.nio.AbstractNioSelector.processTaskQueue(AbstractNioSelector.java:391)
	at org.jboss.netty.channel.socket.nio.AbstractNioSelector.run(AbstractNioSelector.java:315)
	at org.jboss.netty.channel.socket.nio.NioServerBoss.run(NioServerBoss.java:42)
	at org.jboss.netty.util.ThreadRenamingRunnable.run(ThreadRenamingRunnable.java:108)
	at org.jboss.netty.util.internal.DeadLockProofWorker$1.run(DeadLockProofWorker.java:42)
	... 3 more


[INFO ] 2017-06-21 22:05:00,747 method:org.springframework.context.support.AbstractApplicationContext.doClose(AbstractApplicationContext.java:960)
Closing Root WebApplicationContext: startup date [Wed Jun 21 22:04:57 CST 2017]; root of context hierarchy
